# JRE version: Java(TM) SE Runtime Environment (17.0.1+12) (build 17.0.1+12-LTS-39)
# Java VM: Java HotSpot(TM) 64-Bit Server VM (17.0.1+12-LTS-39, mixed mode, sharing, tiered, compressed oops, compressed class ptrs, g1 gc, windows-amd64)
GC Precious Log:
 CPUs: 8 total, 8 available
 Memory: 16064M
 Large Page Support: Disabled
 NUMA Support: Disabled
 Compressed Oops: Enabled (Zero based)
 Heap Region Size: 2M
 Heap Min Capacity: 8M
 Heap Initial Capacity: 252M
 Heap Max Capacity: 4018M
 Pre-touch: Disabled
 Parallel Workers: 8
 Concurrent Workers: 2
 Concurrent Refinement Workers: 8
 Periodic GC: Disabled
Heap:
 garbage-first heap   total 40960K, used 21907K [0x0000000704e00000, 0x0000000800000000)
  region size 2048K, 6 young (12288K), 1 survivors (2048K)
 Metaspace       used 37515K, committed 37824K, reserved 1081344K
  class space    used 5258K, committed 5440K, reserved 1048576K
GC Heap History (14 events):
Event: 0.694 GC heap before
{Heap before GC invocations=0 (full 0):
 garbage-first heap   total 258048K, used 20480K [0x0000000704e00000, 0x0000000800000000)
  region size 2048K, 11 young (22528K), 0 survivors (0K)
 Metaspace       used 3754K, committed 3968K, reserved 1056768K
  class space    used 390K, committed 512K, reserved 1048576K
}
Event: 0.696 GC heap after
{Heap after GC invocations=1 (full 0):
 garbage-first heap   total 258048K, used 3986K [0x0000000704e00000, 0x0000000800000000)
  region size 2048K, 2 young (4096K), 2 survivors (4096K)
 Metaspace       used 3754K, committed 3968K, reserved 1056768K
  class space    used 390K, committed 512K, reserved 1048576K
}
Event: 0.703 GC heap before
{Heap before GC invocations=1 (full 0):
 garbage-first heap   total 258048K, used 32658K [0x0000000704e00000, 0x0000000800000000)
  region size 2048K, 17 young (34816K), 2 survivors (4096K)
 Metaspace       used 3756K, committed 3968K, reserved 1056768K
  class space    used 390K, committed 512K, reserved 1048576K
}
Event: 0.705 GC heap after
{Heap after GC invocations=2 (full 0):
 garbage-first heap   total 258048K, used 3963K [0x0000000704e00000, 0x0000000800000000)
  region size 2048K, 1 young (2048K), 1 survivors (2048K)
 Metaspace       used 3756K, committed 3968K, reserved 1056768K
  class space    used 390K, committed 512K, reserved 1048576K
}
Event: 1.998 GC heap before
{Heap before GC invocations=2 (full 0):
 garbage-first heap   total 258048K, used 61307K [0x0000000704e00000, 0x0000000800000000)
  region size 2048K, 30 young (61440K), 1 survivors (2048K)
 Metaspace       used 21355K, committed 21504K, reserved 1073152K
  class space    used 2863K, committed 2944K, reserved 1048576K
}
Event: 2.002 GC heap after
{Heap after GC invocations=3 (full 0):
 garbage-first heap   total 258048K, used 7980K [0x0000000704e00000, 0x0000000800000000)
  region size 2048K, 3 young (6144K), 3 survivors (6144K)
 Metaspace       used 21355K, committed 21504K, reserved 1073152K
  class space    used 2863K, committed 2944K, reserved 1048576K
}
Event: 3.163 GC heap before
{Heap before GC invocations=4 (full 0):
 garbage-first heap   total 40960K, used 28460K [0x0000000704e00000, 0x0000000800000000)
  region size 2048K, 14 young (28672K), 3 survivors (6144K)
 Metaspace       used 25083K, committed 25344K, reserved 1073152K
  class space    used 3340K, committed 3456K, reserved 1048576K
}
Event: 3.168 GC heap after
{Heap after GC invocations=5 (full 0):
 garbage-first heap   total 40960K, used 9001K [0x0000000704e00000, 0x0000000800000000)
  region size 2048K, 3 young (6144K), 3 survivors (6144K)
 Metaspace       used 25083K, committed 25344K, reserved 1073152K
  class space    used 3340K, committed 3456K, reserved 1048576K
}
Event: 4.442 GC heap before
{Heap before GC invocations=5 (full 0):
 garbage-first heap   total 40960K, used 25385K [0x0000000704e00000, 0x0000000800000000)
  region size 2048K, 12 young (24576K), 3 survivors (6144K)
 Metaspace       used 29976K, committed 30272K, reserved 1081344K
  class space    used 3965K, committed 4096K, reserved 1048576K
}
Event: 4.448 GC heap after
{Heap after GC invocations=6 (full 0):
 garbage-first heap   total 40960K, used 10448K [0x0000000704e00000, 0x0000000800000000)
  region size 2048K, 2 young (4096K), 2 survivors (4096K)
 Metaspace       used 29976K, committed 30272K, reserved 1081344K
  class space    used 3965K, committed 4096K, reserved 1048576K
}
Event: 4.929 GC heap before
{Heap before GC invocations=6 (full 0):
 garbage-first heap   total 40960K, used 28880K [0x0000000704e00000, 0x0000000800000000)
  region size 2048K, 11 young (22528K), 2 survivors (4096K)
 Metaspace       used 33975K, committed 34240K, reserved 1081344K
  class space    used 4668K, committed 4800K, reserved 1048576K
}
Event: 4.933 GC heap after
{Heap after GC invocations=7 (full 0):
 garbage-first heap   total 40960K, used 12650K [0x0000000704e00000, 0x0000000800000000)
  region size 2048K, 2 young (4096K), 2 survivors (4096K)
 Metaspace       used 33975K, committed 34240K, reserved 1081344K
  class space    used 4668K, committed 4800K, reserved 1048576K
}
Event: 7.324 GC heap before
{Heap before GC invocations=7 (full 0):
 garbage-first heap   total 40960K, used 20842K [0x0000000704e00000, 0x0000000800000000)
  region size 2048K, 6 young (12288K), 2 survivors (4096K)
 Metaspace       used 35646K, committed 35968K, reserved 1081344K
  class space    used 4868K, committed 5056K, reserved 1048576K
}
Event: 7.327 GC heap after
{Heap after GC invocations=8 (full 0):
 garbage-first heap   total 40960K, used 15763K [0x0000000704e00000, 0x0000000800000000)
  region size 2048K, 1 young (2048K), 1 survivors (2048K)
 Metaspace       used 35646K, committed 35968K, reserved 1081344K
  class space    used 4868K, committed 5056K, reserved 1048576K
}

