# JRE version: Java(TM) SE Runtime Environment (17.0.1+12) (build 17.0.1+12-LTS-39)
# Java VM: Java HotSpot(TM) 64-Bit Server VM (17.0.1+12-LTS-39, mixed mode, sharing, tiered, compressed oops, compressed class ptrs, g1 gc, windows-amd64)
GC Precious Log:
 CPUs: 8 total, 8 available
 Memory: 16064M
 Large Page Support: Disabled
 NUMA Support: Disabled
 Compressed Oops: Enabled (Zero based)
 Heap Region Size: 2M
 Heap Min Capacity: 8M
 Heap Initial Capacity: 252M
 Heap Max Capacity: 4018M
 Pre-touch: Disabled
 Parallel Workers: 8
 Concurrent Workers: 2
 Concurrent Refinement Workers: 8
 Periodic GC: Disabled
Heap:
 garbage-first heap   total 49152K, used 24167K [0x0000000704e00000, 0x0000000800000000)
  region size 2048K, 7 young (14336K), 1 survivors (2048K)
 Metaspace       used 37727K, committed 38016K, reserved 1089536K
  class space    used 5251K, committed 5376K, reserved 1048576K
GC Heap History (14 events):
Event: 0.546 GC heap before
{Heap before GC invocations=0 (full 0):
 garbage-first heap   total 258048K, used 20480K [0x0000000704e00000, 0x0000000800000000)
  region size 2048K, 11 young (22528K), 0 survivors (0K)
 Metaspace       used 3753K, committed 3968K, reserved 1056768K
  class space    used 389K, committed 512K, reserved 1048576K
}
Event: 0.548 GC heap after
{Heap after GC invocations=1 (full 0):
 garbage-first heap   total 258048K, used 3967K [0x0000000704e00000, 0x0000000800000000)
  region size 2048K, 2 young (4096K), 2 survivors (4096K)
 Metaspace       used 3753K, committed 3968K, reserved 1056768K
  class space    used 389K, committed 512K, reserved 1048576K
}
Event: 0.556 GC heap before
{Heap before GC invocations=1 (full 0):
 garbage-first heap   total 258048K, used 32639K [0x0000000704e00000, 0x0000000800000000)
  region size 2048K, 17 young (34816K), 2 survivors (4096K)
 Metaspace       used 3755K, committed 3968K, reserved 1056768K
  class space    used 389K, committed 512K, reserved 1048576K
}
Event: 0.559 GC heap after
{Heap after GC invocations=2 (full 0):
 garbage-first heap   total 258048K, used 4246K [0x0000000704e00000, 0x0000000800000000)
  region size 2048K, 1 young (2048K), 1 survivors (2048K)
 Metaspace       used 3755K, committed 3968K, reserved 1056768K
  class space    used 389K, committed 512K, reserved 1048576K
}
Event: 1.676 GC heap before
{Heap before GC invocations=2 (full 0):
 garbage-first heap   total 258048K, used 61590K [0x0000000704e00000, 0x0000000800000000)
  region size 2048K, 30 young (61440K), 1 survivors (2048K)
 Metaspace       used 21362K, committed 21504K, reserved 1073152K
  class space    used 2862K, committed 2944K, reserved 1048576K
}
Event: 1.680 GC heap after
{Heap after GC invocations=3 (full 0):
 garbage-first heap   total 258048K, used 8263K [0x0000000704e00000, 0x0000000800000000)
  region size 2048K, 3 young (6144K), 3 survivors (6144K)
 Metaspace       used 21362K, committed 21504K, reserved 1073152K
  class space    used 2862K, committed 2944K, reserved 1048576K
}
Event: 2.663 GC heap before
{Heap before GC invocations=4 (full 0):
 garbage-first heap   total 49152K, used 30791K [0x0000000704e00000, 0x0000000800000000)
  region size 2048K, 14 young (28672K), 3 survivors (6144K)
 Metaspace       used 25097K, committed 25344K, reserved 1073152K
  class space    used 3341K, committed 3456K, reserved 1048576K
}
Event: 2.667 GC heap after
{Heap after GC invocations=5 (full 0):
 garbage-first heap   total 49152K, used 9364K [0x0000000704e00000, 0x0000000800000000)
  region size 2048K, 1 young (2048K), 1 survivors (2048K)
 Metaspace       used 25097K, committed 25344K, reserved 1073152K
  class space    used 3341K, committed 3456K, reserved 1048576K
}
Event: 3.500 GC heap before
{Heap before GC invocations=5 (full 0):
 garbage-first heap   total 49152K, used 31892K [0x0000000704e00000, 0x0000000800000000)
  region size 2048K, 12 young (24576K), 1 survivors (2048K)
 Metaspace       used 30741K, committed 30976K, reserved 1081344K
  class space    used 4118K, committed 4224K, reserved 1048576K
}
Event: 3.502 GC heap after
{Heap after GC invocations=6 (full 0):
 garbage-first heap   total 49152K, used 11013K [0x0000000704e00000, 0x0000000800000000)
  region size 2048K, 2 young (4096K), 2 survivors (4096K)
 Metaspace       used 30741K, committed 30976K, reserved 1081344K
  class space    used 4118K, committed 4224K, reserved 1048576K
}
Event: 7.006 GC heap before
{Heap before GC invocations=6 (full 0):
 garbage-first heap   total 49152K, used 31493K [0x0000000704e00000, 0x0000000800000000)
  region size 2048K, 12 young (24576K), 2 survivors (4096K)
 Metaspace       used 35513K, committed 35776K, reserved 1081344K
  class space    used 4831K, committed 4928K, reserved 1048576K
}
Event: 7.009 GC heap after
{Heap after GC invocations=7 (full 0):
 garbage-first heap   total 49152K, used 15248K [0x0000000704e00000, 0x0000000800000000)
  region size 2048K, 2 young (4096K), 2 survivors (4096K)
 Metaspace       used 35513K, committed 35776K, reserved 1081344K
  class space    used 4831K, committed 4928K, reserved 1048576K
}
Event: 7.080 GC heap before
{Heap before GC invocations=7 (full 0):
 garbage-first heap   total 49152K, used 15248K [0x0000000704e00000, 0x0000000800000000)
  region size 2048K, 3 young (6144K), 2 survivors (4096K)
 Metaspace       used 35776K, committed 35968K, reserved 1081344K
  class space    used 4891K, committed 4992K, reserved 1048576K
}
Event: 7.083 GC heap after
{Heap after GC invocations=8 (full 0):
 garbage-first heap   total 49152K, used 15975K [0x0000000704e00000, 0x0000000800000000)
  region size 2048K, 1 young (2048K), 1 survivors (2048K)
 Metaspace       used 35776K, committed 35968K, reserved 1081344K
  class space    used 4891K, committed 4992K, reserved 1048576K
}

